[2022-06-08T04:44:37.153Z] Validating found git in: git
[2022-06-08T04:44:37.182Z] Using git 2.25.1 from git
[2022-06-08T04:44:37.238Z] > git rev-parse --git-dir [4ms]
[2022-06-08T04:44:37.244Z] Open repository: /home/nitin/github/autolycus
[2022-06-08T04:44:37.259Z] > git symbolic-ref --short HEAD [3ms]
[2022-06-08T04:44:37.266Z] > git for-each-ref --format=%(refname)%00%(upstream:short)%00%(objectname)%00%(upstream:track) refs/heads/dev refs/remotes/dev [4ms]
[2022-06-08T04:44:37.273Z] > git remote --verbose [2ms]
[2022-06-08T04:44:37.273Z] > git for-each-ref --sort -committerdate --format %(refname) %(objectname) %(*objectname) [4ms]
[2022-06-08T04:44:37.276Z] > git rev-parse --git-dir [11ms]
[2022-06-08T04:44:37.277Z] Open repository: /home/nitin/github/evillimiter
[2022-06-08T04:44:37.290Z] > git config --get commit.template [4ms]
[2022-06-08T04:44:37.295Z] > git symbolic-ref --short HEAD [6ms]
[2022-06-08T04:44:37.301Z] > git for-each-ref --format=%(refname)%00%(upstream:short)%00%(objectname)%00%(upstream:track) refs/heads/master refs/remotes/master [4ms]
[2022-06-08T04:44:37.323Z] > git for-each-ref --sort -committerdate --format %(refname) %(objectname) %(*objectname) [19ms]
[2022-06-08T04:44:37.323Z] > git rev-parse --git-dir [22ms]
[2022-06-08T04:44:37.325Z] Open repository: /home/nitin/github/hollowverse-design-challenge
[2022-06-08T04:44:37.338Z] > git remote --verbose [31ms]
[2022-06-08T04:44:37.346Z] > git rev-parse --git-dir [9ms]
[2022-06-08T04:44:37.348Z] Open repository: /home/nitin/github/irctc-automation
[2022-06-08T04:44:37.353Z] > git symbolic-ref --short HEAD [18ms]
[2022-06-08T04:44:37.363Z] > git config --get commit.template [17ms]
[2022-06-08T04:44:37.364Z] > git rev-parse --git-dir [1ms]
[2022-06-08T04:44:37.365Z] Open repository: /home/nitin/github/jetson-anomaly-detection
[2022-06-08T04:44:37.371Z] > git symbolic-ref --short HEAD [11ms]
[2022-06-08T04:44:37.373Z] > git for-each-ref --format=%(refname)%00%(upstream:short)%00%(objectname)%00%(upstream:track) refs/heads/main refs/remotes/main [18ms]
[2022-06-08T04:44:37.404Z] > git remote --verbose [27ms]
[2022-06-08T04:44:37.404Z] > git for-each-ref --sort -committerdate --format %(refname) %(objectname) %(*objectname) [29ms]
[2022-06-08T04:44:37.405Z] > git for-each-ref --format=%(refname)%00%(upstream:short)%00%(objectname)%00%(upstream:track) refs/heads/main refs/remotes/main [32ms]
[2022-06-08T04:44:37.416Z] > git remote --verbose [7ms]
[2022-06-08T04:44:37.416Z] > git for-each-ref --sort -committerdate --format %(refname) %(objectname) %(*objectname) [9ms]
[2022-06-08T04:44:37.417Z] > git symbolic-ref --short HEAD [13ms]
[2022-06-08T04:44:37.423Z] > git config --get commit.template [8ms]
[2022-06-08T04:44:37.427Z] > git config --get commit.template [5ms]
[2022-06-08T04:44:37.428Z] > git for-each-ref --format=%(refname)%00%(upstream:short)%00%(objectname)%00%(upstream:track) refs/heads/main refs/remotes/main [8ms]
[2022-06-08T04:44:37.434Z] > git for-each-ref --sort -committerdate --format %(refname) %(objectname) %(*objectname) [3ms]
[2022-06-08T04:44:37.434Z] > git rev-parse --git-dir [8ms]
[2022-06-08T04:44:37.436Z] Open repository: /home/nitin/github/libtorrentx
[2022-06-08T04:44:37.448Z] > git remote --verbose [15ms]
[2022-06-08T04:44:37.455Z] > git symbolic-ref --short HEAD [7ms]
[2022-06-08T04:44:37.462Z] > git for-each-ref --format=%(refname)%00%(upstream:short)%00%(objectname)%00%(upstream:track) refs/heads/main refs/remotes/main [4ms]
[2022-06-08T04:44:37.469Z] > git config --get commit.template [16ms]
[2022-06-08T04:44:37.475Z] > git remote --verbose [7ms]
[2022-06-08T04:44:37.475Z] > git for-each-ref --sort -committerdate --format %(refname) %(objectname) %(*objectname) [10ms]
[2022-06-08T04:44:37.476Z] > git rev-parse --git-dir [15ms]
[2022-06-08T04:44:37.477Z] Open repository: /home/nitin/github/moosync
[2022-06-08T04:44:37.491Z] > git config --get commit.template [4ms]
[2022-06-08T04:44:37.495Z] > git symbolic-ref --short HEAD [5ms]
[2022-06-08T04:44:37.503Z] > git for-each-ref --format=%(refname)%00%(upstream:short)%00%(objectname)%00%(upstream:track) refs/heads/main refs/remotes/main [4ms]
[2022-06-08T04:44:37.511Z] > git for-each-ref --sort -committerdate --format %(refname) %(objectname) %(*objectname) [5ms]
[2022-06-08T04:44:37.511Z] > git rev-parse --git-dir [8ms]
[2022-06-08T04:44:37.512Z] Open repository: /home/nitin/github/pydstream
[2022-06-08T04:44:37.522Z] > git remote --verbose [13ms]
[2022-06-08T04:44:37.527Z] > git symbolic-ref --short HEAD [5ms]
[2022-06-08T04:44:37.533Z] > git for-each-ref --format=%(refname)%00%(upstream:short)%00%(objectname)%00%(upstream:track) refs/heads/dev refs/remotes/dev [3ms]
[2022-06-08T04:44:37.539Z] > git config --get commit.template [12ms]
[2022-06-08T04:44:37.540Z] > git remote --verbose [1ms]
[2022-06-08T04:44:37.540Z] > git for-each-ref --sort -committerdate --format %(refname) %(objectname) %(*objectname) [4ms]
[2022-06-08T04:44:37.542Z] > git rev-parse --git-dir [10ms]
[2022-06-08T04:44:37.544Z] Open repository: /home/nitin/github/torrent-search
[2022-06-08T04:44:37.557Z] > git config --get commit.template [4ms]
[2022-06-08T04:44:37.561Z] > git symbolic-ref --short HEAD [5ms]
[2022-06-08T04:44:37.565Z] > git rev-parse --git-dir [5ms]
[2022-06-08T04:44:37.566Z] Open repository: /home/nitin/github/v4l2loopback
[2022-06-08T04:44:37.578Z] > git for-each-ref --format=%(refname)%00%(upstream:short)%00%(objectname)%00%(upstream:track) refs/heads/main refs/remotes/main [14ms]
[2022-06-08T04:44:37.585Z] > git remote --verbose [2ms]
[2022-06-08T04:44:37.586Z] > git for-each-ref --sort -committerdate --format %(refname) %(objectname) %(*objectname) [5ms]
[2022-06-08T04:44:37.587Z] > git symbolic-ref --short HEAD [9ms]
[2022-06-08T04:44:37.595Z] > git for-each-ref --format=%(refname)%00%(upstream:short)%00%(objectname)%00%(upstream:track) refs/heads/main refs/remotes/main [5ms]
[2022-06-08T04:44:37.600Z] > git for-each-ref --sort -committerdate --format %(refname) %(objectname) %(*objectname) [3ms]
[2022-06-08T04:44:37.601Z] > git config --get commit.template [8ms]
[2022-06-08T04:44:37.601Z] > git remote --verbose [2ms]
[2022-06-08T04:44:37.607Z] > git config --get commit.template [1ms]
[2022-06-08T04:44:45.325Z] > git rev-parse --git-dir [1ms]
[2022-06-08T04:44:45.326Z] Open repository: /home/nitin/github/jwb-ui
[2022-06-08T04:44:45.334Z] > git symbolic-ref --short HEAD [1ms]
[2022-06-08T04:44:45.337Z] > git for-each-ref --format=%(refname)%00%(upstream:short)%00%(objectname)%00%(upstream:track) refs/heads/master refs/remotes/master [1ms]
[2022-06-08T04:44:45.343Z] > git for-each-ref --sort -committerdate --format %(refname) %(objectname) %(*objectname) [3ms]
[2022-06-08T04:44:45.343Z] > git remote --verbose [1ms]
[2022-06-08T04:44:45.348Z] > git config --get commit.template [2ms]
