[2022-06-08T04:48:24.907Z] Validating found git in: git
[2022-06-08T04:48:24.935Z] Using git 2.25.1 from git
[2022-06-08T04:48:24.993Z] > git rev-parse --git-dir [1ms]
[2022-06-08T04:48:24.999Z] Open repository: /home/nitin/github/autolycus
[2022-06-08T04:48:25.014Z] > git symbolic-ref --short HEAD [3ms]
[2022-06-08T04:48:25.021Z] > git for-each-ref --format=%(refname)%00%(upstream:short)%00%(objectname)%00%(upstream:track) refs/heads/dev refs/remotes/dev [4ms]
[2022-06-08T04:48:25.028Z] > git remote --verbose [2ms]
[2022-06-08T04:48:25.028Z] > git for-each-ref --sort -committerdate --format %(refname) %(objectname) %(*objectname) [4ms]
[2022-06-08T04:48:25.031Z] > git rev-parse --git-dir [11ms]
[2022-06-08T04:48:25.032Z] Open repository: /home/nitin/github/evillimiter
[2022-06-08T04:48:25.046Z] > git config --get commit.template [5ms]
[2022-06-08T04:48:25.050Z] > git symbolic-ref --short HEAD [6ms]
[2022-06-08T04:48:25.072Z] > git for-each-ref --format=%(refname)%00%(upstream:short)%00%(objectname)%00%(upstream:track) refs/heads/master refs/remotes/master [20ms]
[2022-06-08T04:48:25.078Z] > git for-each-ref --sort -committerdate --format %(refname) %(objectname) %(*objectname) [3ms]
[2022-06-08T04:48:25.078Z] > git rev-parse --git-dir [22ms]
[2022-06-08T04:48:25.080Z] Open repository: /home/nitin/github/hollowverse-design-challenge
[2022-06-08T04:48:25.091Z] > git remote --verbose [14ms]
[2022-06-08T04:48:25.099Z] > git symbolic-ref --short HEAD [8ms]
[2022-06-08T04:48:25.105Z] > git rev-parse --git-dir [1ms]
[2022-06-08T04:48:25.107Z] Open repository: /home/nitin/github/irctc-automation
[2022-06-08T04:48:25.112Z] > git for-each-ref --format=%(refname)%00%(upstream:short)%00%(objectname)%00%(upstream:track) refs/heads/main refs/remotes/main [11ms]
[2022-06-08T04:48:25.117Z] > git config --get commit.template [18ms]
[2022-06-08T04:48:25.121Z] > git remote --verbose [4ms]
[2022-06-08T04:48:25.121Z] > git for-each-ref --sort -committerdate --format %(refname) %(objectname) %(*objectname) [7ms]
[2022-06-08T04:48:25.128Z] > git symbolic-ref --short HEAD [7ms]
[2022-06-08T04:48:25.154Z] > git for-each-ref --format=%(refname)%00%(upstream:short)%00%(objectname)%00%(upstream:track) refs/heads/main refs/remotes/main [23ms]
[2022-06-08T04:48:25.160Z] > git config --get commit.template [32ms]
[2022-06-08T04:48:25.161Z] > git rev-parse --git-dir [36ms]
[2022-06-08T04:48:25.162Z] Open repository: /home/nitin/github/jetson-anomaly-detection
[2022-06-08T04:48:25.171Z] > git remote --verbose [11ms]
[2022-06-08T04:48:25.171Z] > git for-each-ref --sort -committerdate --format %(refname) %(objectname) %(*objectname) [14ms]
[2022-06-08T04:48:25.176Z] > git symbolic-ref --short HEAD [6ms]
[2022-06-08T04:48:25.187Z] > git for-each-ref --format=%(refname)%00%(upstream:short)%00%(objectname)%00%(upstream:track) refs/heads/main refs/remotes/main [9ms]
[2022-06-08T04:48:25.192Z] > git config --get commit.template [17ms]
[2022-06-08T04:48:25.194Z] > git remote --verbose [2ms]
[2022-06-08T04:48:25.194Z] > git for-each-ref --sort -committerdate --format %(refname) %(objectname) %(*objectname) [4ms]
[2022-06-08T04:48:25.196Z] > git rev-parse --git-dir [9ms]
[2022-06-08T04:48:25.198Z] Open repository: /home/nitin/github/libtorrentx
[2022-06-08T04:48:25.217Z] > git symbolic-ref --short HEAD [6ms]
[2022-06-08T04:48:25.221Z] > git config --get commit.template [13ms]
[2022-06-08T04:48:25.226Z] > git for-each-ref --format=%(refname)%00%(upstream:short)%00%(objectname)%00%(upstream:track) refs/heads/main refs/remotes/main [5ms]
[2022-06-08T04:48:25.232Z] > git for-each-ref --sort -committerdate --format %(refname) %(objectname) %(*objectname) [4ms]
[2022-06-08T04:48:25.232Z] > git rev-parse --git-dir [7ms]
[2022-06-08T04:48:25.234Z] Open repository: /home/nitin/github/moosync
[2022-06-08T04:48:25.245Z] > git remote --verbose [14ms]
[2022-06-08T04:48:25.250Z] > git symbolic-ref --short HEAD [5ms]
[2022-06-08T04:48:25.257Z] > git for-each-ref --format=%(refname)%00%(upstream:short)%00%(objectname)%00%(upstream:track) refs/heads/main refs/remotes/main [4ms]
[2022-06-08T04:48:25.263Z] > git config --get commit.template [14ms]
[2022-06-08T04:48:25.266Z] > git remote --verbose [4ms]
[2022-06-08T04:48:25.266Z] > git for-each-ref --sort -committerdate --format %(refname) %(objectname) %(*objectname) [6ms]
[2022-06-08T04:48:25.274Z] > git rev-parse --git-dir [4ms]
[2022-06-08T04:48:25.275Z] Open repository: /home/nitin/github/pydstream
[2022-06-08T04:48:25.285Z] > git config --get commit.template [12ms]
[2022-06-08T04:48:25.286Z] > git symbolic-ref --short HEAD [1ms]
[2022-06-08T04:48:25.292Z] > git for-each-ref --format=%(refname)%00%(upstream:short)%00%(objectname)%00%(upstream:track) refs/heads/dev refs/remotes/dev [4ms]
[2022-06-08T04:48:25.299Z] > git remote --verbose [2ms]
[2022-06-08T04:48:25.299Z] > git for-each-ref --sort -committerdate --format %(refname) %(objectname) %(*objectname) [5ms]
[2022-06-08T04:48:25.301Z] > git rev-parse --git-dir [10ms]
[2022-06-08T04:48:25.303Z] Open repository: /home/nitin/github/torrent-search
[2022-06-08T04:48:25.317Z] > git config --get commit.template [4ms]
[2022-06-08T04:48:25.322Z] > git symbolic-ref --short HEAD [6ms]
[2022-06-08T04:48:25.326Z] > git rev-parse --git-dir [6ms]
[2022-06-08T04:48:25.328Z] Open repository: /home/nitin/github/v4l2loopback
[2022-06-08T04:48:25.340Z] > git for-each-ref --format=%(refname)%00%(upstream:short)%00%(objectname)%00%(upstream:track) refs/heads/main refs/remotes/main [15ms]
[2022-06-08T04:48:25.346Z] > git remote --verbose [1ms]
[2022-06-08T04:48:25.346Z] > git for-each-ref --sort -committerdate --format %(refname) %(objectname) %(*objectname) [4ms]
[2022-06-08T04:48:25.348Z] > git symbolic-ref --short HEAD [9ms]
[2022-06-08T04:48:25.354Z] > git for-each-ref --format=%(refname)%00%(upstream:short)%00%(objectname)%00%(upstream:track) refs/heads/main refs/remotes/main [3ms]
[2022-06-08T04:48:25.361Z] > git for-each-ref --sort -committerdate --format %(refname) %(objectname) %(*objectname) [4ms]
[2022-06-08T04:48:25.362Z] > git config --get commit.template [8ms]
[2022-06-08T04:48:25.362Z] > git remote --verbose [2ms]
[2022-06-08T04:48:25.367Z] > git config --get commit.template [0ms]
[2022-06-08T04:48:38.778Z] > git rev-parse --git-dir [1ms]
[2022-06-08T04:48:38.780Z] Open repository: /home/nitin/github/jwb-ui
[2022-06-08T04:48:38.787Z] > git symbolic-ref --short HEAD [0ms]
[2022-06-08T04:48:38.791Z] > git for-each-ref --format=%(refname)%00%(upstream:short)%00%(objectname)%00%(upstream:track) refs/heads/master refs/remotes/master [1ms]
[2022-06-08T04:48:38.796Z] > git for-each-ref --sort -committerdate --format %(refname) %(objectname) %(*objectname) [3ms]
[2022-06-08T04:48:38.796Z] > git remote --verbose [1ms]
[2022-06-08T04:48:38.801Z] > git config --get commit.template [1ms]
