[2022-06-08T04:41:04.543Z] Validating found git in: git
[2022-06-08T04:41:04.571Z] Using git 2.25.1 from git
[2022-06-08T04:41:04.626Z] > git rev-parse --git-dir [1ms]
[2022-06-08T04:41:04.632Z] Open repository: /home/nitin/github/autolycus
[2022-06-08T04:41:04.650Z] > git symbolic-ref --short HEAD [4ms]
[2022-06-08T04:41:04.670Z] > git rev-parse --git-dir [20ms]
[2022-06-08T04:41:04.671Z] Open repository: /home/nitin/github/evillimiter
[2022-06-08T04:41:04.678Z] > git for-each-ref --format=%(refname)%00%(upstream:short)%00%(objectname)%00%(upstream:track) refs/heads/dev refs/remotes/dev [25ms]
[2022-06-08T04:41:04.686Z] > git remote --verbose [4ms]
[2022-06-08T04:41:04.687Z] > git for-each-ref --sort -committerdate --format %(refname) %(objectname) %(*objectname) [7ms]
[2022-06-08T04:41:04.695Z] > git symbolic-ref --short HEAD [9ms]
[2022-06-08T04:41:04.698Z] > git config --get commit.template [3ms]
[2022-06-08T04:41:04.702Z] > git for-each-ref --format=%(refname)%00%(upstream:short)%00%(objectname)%00%(upstream:track) refs/heads/master refs/remotes/master [5ms]
[2022-06-08T04:41:04.711Z] > git remote --verbose [4ms]
[2022-06-08T04:41:04.711Z] > git for-each-ref --sort -committerdate --format %(refname) %(objectname) %(*objectname) [6ms]
[2022-06-08T04:41:04.715Z] > git rev-parse --git-dir [14ms]
[2022-06-08T04:41:04.717Z] Open repository: /home/nitin/github/hollowverse-design-challenge
[2022-06-08T04:41:04.733Z] > git rev-parse --git-dir [2ms]
[2022-06-08T04:41:04.734Z] Open repository: /home/nitin/github/irctc-automation
[2022-06-08T04:41:04.740Z] > git symbolic-ref --short HEAD [12ms]
[2022-06-08T04:41:04.742Z] > git config --get commit.template [16ms]
[2022-06-08T04:41:04.748Z] > git for-each-ref --format=%(refname)%00%(upstream:short)%00%(objectname)%00%(upstream:track) refs/heads/main refs/remotes/main [6ms]
[2022-06-08T04:41:04.754Z] > git remote --verbose [1ms]
[2022-06-08T04:41:04.755Z] > git for-each-ref --sort -committerdate --format %(refname) %(objectname) %(*objectname) [4ms]
[2022-06-08T04:41:04.756Z] > git symbolic-ref --short HEAD [8ms]
[2022-06-08T04:41:04.759Z] > git rev-parse --git-dir [13ms]
[2022-06-08T04:41:04.761Z] Open repository: /home/nitin/github/jetson-anomaly-detection
[2022-06-08T04:41:04.772Z] > git for-each-ref --format=%(refname)%00%(upstream:short)%00%(objectname)%00%(upstream:track) refs/heads/main refs/remotes/main [13ms]
[2022-06-08T04:41:04.802Z] > git remote --verbose [26ms]
[2022-06-08T04:41:04.802Z] > git for-each-ref --sort -committerdate --format %(refname) %(objectname) %(*objectname) [28ms]
[2022-06-08T04:41:04.803Z] > git symbolic-ref --short HEAD [31ms]
[2022-06-08T04:41:04.806Z] > git config --get commit.template [37ms]
[2022-06-08T04:41:04.813Z] > git for-each-ref --format=%(refname)%00%(upstream:short)%00%(objectname)%00%(upstream:track) refs/heads/main refs/remotes/main [8ms]
[2022-06-08T04:41:04.819Z] > git remote --verbose [1ms]
[2022-06-08T04:41:04.820Z] > git for-each-ref --sort -committerdate --format %(refname) %(objectname) %(*objectname) [4ms]
[2022-06-08T04:41:04.821Z] > git config --get commit.template [9ms]
[2022-06-08T04:41:04.827Z] > git rev-parse --git-dir [3ms]
[2022-06-08T04:41:04.829Z] Open repository: /home/nitin/github/libtorrentx
[2022-06-08T04:41:04.846Z] > git config --get commit.template [19ms]
[2022-06-08T04:41:04.848Z] > git rev-parse --git-dir [2ms]
[2022-06-08T04:41:04.849Z] Open repository: /home/nitin/github/moosync
[2022-06-08T04:41:04.855Z] > git symbolic-ref --short HEAD [11ms]
[2022-06-08T04:41:04.865Z] > git symbolic-ref --short HEAD [4ms]
[2022-06-08T04:41:04.868Z] > git for-each-ref --format=%(refname)%00%(upstream:short)%00%(objectname)%00%(upstream:track) refs/heads/main refs/remotes/main [10ms]
[2022-06-08T04:41:04.874Z] > git for-each-ref --sort -committerdate --format %(refname) %(objectname) %(*objectname) [3ms]
[2022-06-08T04:41:04.874Z] > git for-each-ref --format=%(refname)%00%(upstream:short)%00%(objectname)%00%(upstream:track) refs/heads/main refs/remotes/main [6ms]
[2022-06-08T04:41:04.884Z] > git remote --verbose [4ms]
[2022-06-08T04:41:04.884Z] > git for-each-ref --sort -committerdate --format %(refname) %(objectname) %(*objectname) [7ms]
[2022-06-08T04:41:04.886Z] > git remote --verbose [13ms]
[2022-06-08T04:41:04.892Z] > git rev-parse --git-dir [9ms]
[2022-06-08T04:41:04.894Z] Open repository: /home/nitin/github/pydstream
[2022-06-08T04:41:04.902Z] > git config --get commit.template [10ms]
[2022-06-08T04:41:04.902Z] > git config --get commit.template [13ms]
[2022-06-08T04:41:04.913Z] > git rev-parse --git-dir [7ms]
[2022-06-08T04:41:04.915Z] Open repository: /home/nitin/github/torrent-search
[2022-06-08T04:41:04.921Z] > git symbolic-ref --short HEAD [9ms]
[2022-06-08T04:41:04.930Z] > git rev-parse --git-dir [1ms]
[2022-06-08T04:41:04.932Z] Open repository: /home/nitin/github/v4l2loopback
[2022-06-08T04:41:04.938Z] > git symbolic-ref --short HEAD [11ms]
[2022-06-08T04:41:04.941Z] > git for-each-ref --format=%(refname)%00%(upstream:short)%00%(objectname)%00%(upstream:track) refs/heads/dev refs/remotes/dev [18ms]
[2022-06-08T04:41:04.949Z] > git for-each-ref --sort -committerdate --format %(refname) %(objectname) %(*objectname) [6ms]
[2022-06-08T04:41:04.949Z] > git for-each-ref --format=%(refname)%00%(upstream:short)%00%(objectname)%00%(upstream:track) refs/heads/main refs/remotes/main [8ms]
[2022-06-08T04:41:04.957Z] > git remote --verbose [3ms]
[2022-06-08T04:41:04.957Z] > git for-each-ref --sort -committerdate --format %(refname) %(objectname) %(*objectname) [5ms]
[2022-06-08T04:41:04.958Z] > git symbolic-ref --short HEAD [9ms]
[2022-06-08T04:41:04.960Z] > git remote --verbose [15ms]
[2022-06-08T04:41:04.968Z] > git for-each-ref --format=%(refname)%00%(upstream:short)%00%(objectname)%00%(upstream:track) refs/heads/main refs/remotes/main [8ms]
[2022-06-08T04:41:04.973Z] > git for-each-ref --sort -committerdate --format %(refname) %(objectname) %(*objectname) [3ms]
[2022-06-08T04:41:04.973Z] > git config --get commit.template [6ms]
[2022-06-08T04:41:04.974Z] > git config --get commit.template [9ms]
[2022-06-08T04:41:04.975Z] > git remote --verbose [3ms]
[2022-06-08T04:41:04.979Z] > git config --get commit.template [0ms]
[2022-06-08T04:42:58.487Z] > git rev-parse --git-dir [1ms]
[2022-06-08T04:42:58.489Z] Open repository: /home/nitin/github/jwb-ui
[2022-06-08T04:42:58.498Z] > git symbolic-ref --short HEAD [1ms]
[2022-06-08T04:42:58.503Z] > git for-each-ref --format=%(refname)%00%(upstream:short)%00%(objectname)%00%(upstream:track) refs/heads/master refs/remotes/master [2ms]
[2022-06-08T04:42:58.508Z] > git for-each-ref --sort -committerdate --format %(refname) %(objectname) %(*objectname) [3ms]
[2022-06-08T04:42:58.510Z] > git remote --verbose [3ms]
[2022-06-08T04:42:58.513Z] > git config --get commit.template [0ms]
