[2022-06-07T14:54:25.796Z] Validating found git in: git
[2022-06-07T14:54:25.833Z] Using git 2.25.1 from git
[2022-06-07T14:54:25.866Z] > git rev-parse --git-dir [14ms]
[2022-06-07T14:54:25.871Z] Open repository: /home/nitin/github/job-wale-bhaiya/jwb-ui
[2022-06-07T14:54:25.900Z] > git symbolic-ref --short HEAD [7ms]
[2022-06-07T14:54:25.905Z] > git for-each-ref --format=%(refname)%00%(upstream:short)%00%(objectname)%00%(upstream:track) refs/heads/master refs/remotes/master [1ms]
[2022-06-07T14:54:25.912Z] > git remote --verbose [2ms]
[2022-06-07T14:54:25.912Z] > git for-each-ref --sort -committerdate --format %(refname) %(objectname) %(*objectname) [4ms]
[2022-06-07T14:54:25.920Z] > git config --get commit.template [3ms]
[2022-06-07T14:55:45.221Z] > git symbolic-ref --short HEAD [0ms]
[2022-06-07T14:55:45.225Z] > git for-each-ref --format=%(refname)%00%(upstream:short)%00%(objectname)%00%(upstream:track) refs/heads/master refs/remotes/master [1ms]
[2022-06-07T14:55:45.229Z] > git for-each-ref --sort -committerdate --format %(refname) %(objectname) %(*objectname) [2ms]
[2022-06-07T14:55:45.230Z] > git remote --verbose [1ms]
[2022-06-07T14:55:45.235Z] > git config --get commit.template [1ms]
[2022-06-07T14:56:02.101Z] > git symbolic-ref --short HEAD [1ms]
[2022-06-07T14:56:02.105Z] > git for-each-ref --format=%(refname)%00%(upstream:short)%00%(objectname)%00%(upstream:track) refs/heads/master refs/remotes/master [1ms]
[2022-06-07T14:56:02.113Z] > git for-each-ref --sort -committerdate --format %(refname) %(objectname) %(*objectname) [4ms]
[2022-06-07T14:56:02.113Z] > git remote --verbose [1ms]
[2022-06-07T14:56:02.126Z] > git config --get commit.template [2ms]
[2022-06-07T14:56:11.894Z] > git symbolic-ref --short HEAD [1ms]
[2022-06-07T14:56:11.902Z] > git for-each-ref --format=%(refname)%00%(upstream:short)%00%(objectname)%00%(upstream:track) refs/heads/master refs/remotes/master [2ms]
[2022-06-07T14:56:11.917Z] > git for-each-ref --sort -committerdate --format %(refname) %(objectname) %(*objectname) [9ms]
[2022-06-07T14:56:11.918Z] > git remote --verbose [2ms]
[2022-06-07T14:56:11.927Z] > git config --get commit.template [1ms]
