[2022-06-07T14:44:25.423Z] Validating found git in: git
[2022-06-07T14:44:25.451Z] Using git 2.25.1 from git
[2022-06-07T14:44:25.500Z] > git rev-parse --git-dir [1ms]
[2022-06-07T14:44:25.505Z] Open repository: /home/nitin/github/autolycus
[2022-06-07T14:44:25.531Z] > git symbolic-ref --short HEAD [5ms]
[2022-06-07T14:44:25.538Z] > git for-each-ref --format=%(refname)%00%(upstream:short)%00%(objectname)%00%(upstream:track) refs/heads/dev refs/remotes/dev [4ms]
[2022-06-07T14:44:25.560Z] > git remote --verbose [17ms]
[2022-06-07T14:44:25.561Z] > git for-each-ref --sort -committerdate --format %(refname) %(objectname) %(*objectname) [21ms]
[2022-06-07T14:44:25.563Z] > git rev-parse --git-dir [26ms]
[2022-06-07T14:44:25.564Z] Open repository: /home/nitin/github/evillimiter
[2022-06-07T14:44:25.577Z] > git config --get commit.template [4ms]
[2022-06-07T14:44:25.581Z] > git symbolic-ref --short HEAD [5ms]
[2022-06-07T14:44:25.587Z] > git for-each-ref --format=%(refname)%00%(upstream:short)%00%(objectname)%00%(upstream:track) refs/heads/master refs/remotes/master [4ms]
[2022-06-07T14:44:25.594Z] > git for-each-ref --sort -committerdate --format %(refname) %(objectname) %(*objectname) [5ms]
[2022-06-07T14:44:25.595Z] > git rev-parse --git-dir [9ms]
[2022-06-07T14:44:25.597Z] Open repository: /home/nitin/github/hollowverse-design-challenge
[2022-06-07T14:44:25.610Z] > git remote --verbose [18ms]
[2022-06-07T14:44:25.618Z] > git rev-parse --git-dir [8ms]
[2022-06-07T14:44:25.620Z] Open repository: /home/nitin/github/irctc-automation
[2022-06-07T14:44:25.626Z] > git symbolic-ref --short HEAD [19ms]
[2022-06-07T14:44:25.635Z] > git config --get commit.template [18ms]
[2022-06-07T14:44:25.637Z] > git rev-parse --git-dir [2ms]
[2022-06-07T14:44:25.638Z] Open repository: /home/nitin/github/jetson-anomaly-detection
[2022-06-07T14:44:25.644Z] > git symbolic-ref --short HEAD [12ms]
[2022-06-07T14:44:25.646Z] > git for-each-ref --format=%(refname)%00%(upstream:short)%00%(objectname)%00%(upstream:track) refs/heads/main refs/remotes/main [18ms]
[2022-06-07T14:44:25.654Z] > git remote --verbose [4ms]
[2022-06-07T14:44:25.654Z] > git for-each-ref --sort -committerdate --format %(refname) %(objectname) %(*objectname) [6ms]
[2022-06-07T14:44:25.656Z] > git for-each-ref --format=%(refname)%00%(upstream:short)%00%(objectname)%00%(upstream:track) refs/heads/main refs/remotes/main [10ms]
[2022-06-07T14:44:25.691Z] > git remote --verbose [31ms]
[2022-06-07T14:44:25.691Z] > git for-each-ref --sort -committerdate --format %(refname) %(objectname) %(*objectname) [33ms]
[2022-06-07T14:44:25.693Z] > git symbolic-ref --short HEAD [39ms]
[2022-06-07T14:44:25.699Z] > git rev-parse --git-dir [8ms]
[2022-06-07T14:44:25.700Z] Open repository: /home/nitin/github/libtorrentx
[2022-06-07T14:44:25.707Z] > git config --get commit.template [19ms]
[2022-06-07T14:44:25.714Z] > git config --get commit.template [16ms]
[2022-06-07T14:44:25.714Z] > git for-each-ref --format=%(refname)%00%(upstream:short)%00%(objectname)%00%(upstream:track) refs/heads/main refs/remotes/main [19ms]
[2022-06-07T14:44:25.721Z] > git remote --verbose [2ms]
[2022-06-07T14:44:25.721Z] > git for-each-ref --sort -committerdate --format %(refname) %(objectname) %(*objectname) [4ms]
[2022-06-07T14:44:25.723Z] > git rev-parse --git-dir [10ms]
[2022-06-07T14:44:25.724Z] Open repository: /home/nitin/github/moosync
[2022-06-07T14:44:25.739Z] > git symbolic-ref --short HEAD [28ms]
[2022-06-07T14:44:25.754Z] > git for-each-ref --format=%(refname)%00%(upstream:short)%00%(objectname)%00%(upstream:track) refs/heads/main refs/remotes/main [11ms]
[2022-06-07T14:44:25.764Z] > git remote --verbose [5ms]
[2022-06-07T14:44:25.764Z] > git for-each-ref --sort -committerdate --format %(refname) %(objectname) %(*objectname) [7ms]
[2022-06-07T14:44:25.766Z] > git symbolic-ref --short HEAD [12ms]
[2022-06-07T14:44:25.770Z] > git config --get commit.template [21ms]
[2022-06-07T14:44:25.774Z] > git for-each-ref --format=%(refname)%00%(upstream:short)%00%(objectname)%00%(upstream:track) refs/heads/main refs/remotes/main [5ms]
[2022-06-07T14:44:25.788Z] > git remote --verbose [9ms]
[2022-06-07T14:44:25.788Z] > git for-each-ref --sort -committerdate --format %(refname) %(objectname) %(*objectname) [11ms]
[2022-06-07T14:44:25.789Z] > git config --get commit.template [16ms]
[2022-06-07T14:44:25.793Z] > git rev-parse --git-dir [11ms]
[2022-06-07T14:44:25.795Z] Open repository: /home/nitin/github/pydstream
[2022-06-07T14:44:25.808Z] > git config --get commit.template [15ms]
[2022-06-07T14:44:25.809Z] > git rev-parse --git-dir [1ms]
[2022-06-07T14:44:25.811Z] Open repository: /home/nitin/github/torrent-search
[2022-06-07T14:44:25.818Z] > git symbolic-ref --short HEAD [13ms]
[2022-06-07T14:44:25.829Z] > git rev-parse --git-dir [2ms]
[2022-06-07T14:44:25.831Z] Open repository: /home/nitin/github/v4l2loopback
[2022-06-07T14:44:25.837Z] > git symbolic-ref --short HEAD [14ms]
[2022-06-07T14:44:25.840Z] > git for-each-ref --format=%(refname)%00%(upstream:short)%00%(objectname)%00%(upstream:track) refs/heads/dev refs/remotes/dev [20ms]
[2022-06-07T14:44:25.850Z] > git for-each-ref --sort -committerdate --format %(refname) %(objectname) %(*objectname) [7ms]
[2022-06-07T14:44:25.851Z] > git for-each-ref --format=%(refname)%00%(upstream:short)%00%(objectname)%00%(upstream:track) refs/heads/main refs/remotes/main [11ms]
[2022-06-07T14:44:25.859Z] > git remote --verbose [2ms]
[2022-06-07T14:44:25.859Z] > git for-each-ref --sort -committerdate --format %(refname) %(objectname) %(*objectname) [5ms]
[2022-06-07T14:44:25.861Z] > git symbolic-ref --short HEAD [11ms]
[2022-06-07T14:44:25.864Z] > git remote --verbose [17ms]
[2022-06-07T14:44:25.871Z] > git for-each-ref --format=%(refname)%00%(upstream:short)%00%(objectname)%00%(upstream:track) refs/heads/main refs/remotes/main [8ms]
[2022-06-07T14:44:25.876Z] > git for-each-ref --sort -committerdate --format %(refname) %(objectname) %(*objectname) [3ms]
[2022-06-07T14:44:25.877Z] > git config --get commit.template [7ms]
[2022-06-07T14:44:25.877Z] > git config --get commit.template [9ms]
[2022-06-07T14:44:25.878Z] > git remote --verbose [3ms]
[2022-06-07T14:44:25.883Z] > git config --get commit.template [1ms]
