[2022-06-07T14:51:36.360Z] Validating found git in: git
[2022-06-07T14:51:36.388Z] Using git 2.25.1 from git
[2022-06-07T14:51:36.442Z] > git rev-parse --git-dir [1ms]
[2022-06-07T14:51:36.448Z] Open repository: /home/nitin/github/autolycus
[2022-06-07T14:51:36.463Z] > git symbolic-ref --short HEAD [4ms]
[2022-06-07T14:51:36.484Z] > git for-each-ref --format=%(refname)%00%(upstream:short)%00%(objectname)%00%(upstream:track) refs/heads/dev refs/remotes/dev [19ms]
[2022-06-07T14:51:36.491Z] > git remote --verbose [1ms]
[2022-06-07T14:51:36.491Z] > git for-each-ref --sort -committerdate --format %(refname) %(objectname) %(*objectname) [4ms]
[2022-06-07T14:51:36.494Z] > git rev-parse --git-dir [25ms]
[2022-06-07T14:51:36.495Z] Open repository: /home/nitin/github/evillimiter
[2022-06-07T14:51:36.507Z] > git config --get commit.template [4ms]
[2022-06-07T14:51:36.511Z] > git symbolic-ref --short HEAD [5ms]
[2022-06-07T14:51:36.518Z] > git for-each-ref --format=%(refname)%00%(upstream:short)%00%(objectname)%00%(upstream:track) refs/heads/master refs/remotes/master [5ms]
[2022-06-07T14:51:36.525Z] > git for-each-ref --sort -committerdate --format %(refname) %(objectname) %(*objectname) [4ms]
[2022-06-07T14:51:36.525Z] > git rev-parse --git-dir [9ms]
[2022-06-07T14:51:36.527Z] Open repository: /home/nitin/github/hollowverse-design-challenge
[2022-06-07T14:51:36.537Z] > git remote --verbose [13ms]
[2022-06-07T14:51:36.544Z] > git symbolic-ref --short HEAD [7ms]
[2022-06-07T14:51:36.550Z] > git rev-parse --git-dir [1ms]
[2022-06-07T14:51:36.552Z] Open repository: /home/nitin/github/irctc-automation
[2022-06-07T14:51:36.557Z] > git for-each-ref --format=%(refname)%00%(upstream:short)%00%(objectname)%00%(upstream:track) refs/heads/main refs/remotes/main [10ms]
[2022-06-07T14:51:36.562Z] > git config --get commit.template [18ms]
[2022-06-07T14:51:36.565Z] > git remote --verbose [4ms]
[2022-06-07T14:51:36.565Z] > git for-each-ref --sort -committerdate --format %(refname) %(objectname) %(*objectname) [6ms]
[2022-06-07T14:51:36.572Z] > git symbolic-ref --short HEAD [7ms]
[2022-06-07T14:51:36.575Z] > git config --get commit.template [4ms]
[2022-06-07T14:51:36.575Z] > git rev-parse --git-dir [6ms]
[2022-06-07T14:51:36.577Z] Open repository: /home/nitin/github/jetson-anomaly-detection
[2022-06-07T14:51:36.586Z] > git for-each-ref --format=%(refname)%00%(upstream:short)%00%(objectname)%00%(upstream:track) refs/heads/main refs/remotes/main [12ms]
[2022-06-07T14:51:36.595Z] > git for-each-ref --sort -committerdate --format %(refname) %(objectname) %(*objectname) [7ms]
[2022-06-07T14:51:36.595Z] > git symbolic-ref --short HEAD [9ms]
[2022-06-07T14:51:36.628Z] > git for-each-ref --format=%(refname)%00%(upstream:short)%00%(objectname)%00%(upstream:track) refs/heads/main refs/remotes/main [30ms]
[2022-06-07T14:51:36.632Z] > git remote --verbose [42ms]
[2022-06-07T14:51:36.639Z] > git remote --verbose [7ms]
[2022-06-07T14:51:36.639Z] > git for-each-ref --sort -committerdate --format %(refname) %(objectname) %(*objectname) [9ms]
[2022-06-07T14:51:36.640Z] > git rev-parse --git-dir [13ms]
[2022-06-07T14:51:36.641Z] Open repository: /home/nitin/github/libtorrentx
[2022-06-07T14:51:36.656Z] > git config --get commit.template [20ms]
[2022-06-07T14:51:36.661Z] > git symbolic-ref --short HEAD [5ms]
[2022-06-07T14:51:36.665Z] > git config --get commit.template [15ms]
[2022-06-07T14:51:36.672Z] > git for-each-ref --format=%(refname)%00%(upstream:short)%00%(objectname)%00%(upstream:track) refs/heads/main refs/remotes/main [8ms]
[2022-06-07T14:51:36.681Z] > git remote --verbose [2ms]
[2022-06-07T14:51:36.681Z] > git for-each-ref --sort -committerdate --format %(refname) %(objectname) %(*objectname) [5ms]
[2022-06-07T14:51:36.682Z] > git rev-parse --git-dir [14ms]
[2022-06-07T14:51:36.684Z] Open repository: /home/nitin/github/moosync
[2022-06-07T14:51:36.696Z] > git config --get commit.template [4ms]
[2022-06-07T14:51:36.700Z] > git symbolic-ref --short HEAD [5ms]
[2022-06-07T14:51:36.708Z] > git for-each-ref --format=%(refname)%00%(upstream:short)%00%(objectname)%00%(upstream:track) refs/heads/main refs/remotes/main [4ms]
[2022-06-07T14:51:36.714Z] > git for-each-ref --sort -committerdate --format %(refname) %(objectname) %(*objectname) [3ms]
[2022-06-07T14:51:36.714Z] > git rev-parse --git-dir [7ms]
[2022-06-07T14:51:36.716Z] Open repository: /home/nitin/github/pydstream
[2022-06-07T14:51:36.725Z] > git remote --verbose [12ms]
[2022-06-07T14:51:36.732Z] > git symbolic-ref --short HEAD [7ms]
[2022-06-07T14:51:36.738Z] > git for-each-ref --format=%(refname)%00%(upstream:short)%00%(objectname)%00%(upstream:track) refs/heads/dev refs/remotes/dev [4ms]
[2022-06-07T14:51:36.744Z] > git config --get commit.template [13ms]
[2022-06-07T14:51:36.745Z] > git remote --verbose [2ms]
[2022-06-07T14:51:36.745Z] > git for-each-ref --sort -committerdate --format %(refname) %(objectname) %(*objectname) [5ms]
[2022-06-07T14:51:36.747Z] > git rev-parse --git-dir [10ms]
[2022-06-07T14:51:36.748Z] Open repository: /home/nitin/github/torrent-search
[2022-06-07T14:51:36.761Z] > git config --get commit.template [4ms]
[2022-06-07T14:51:36.765Z] > git symbolic-ref --short HEAD [4ms]
[2022-06-07T14:51:36.768Z] > git rev-parse --git-dir [4ms]
[2022-06-07T14:51:36.770Z] Open repository: /home/nitin/github/v4l2loopback
[2022-06-07T14:51:36.782Z] > git for-each-ref --format=%(refname)%00%(upstream:short)%00%(objectname)%00%(upstream:track) refs/heads/main refs/remotes/main [14ms]
[2022-06-07T14:51:36.790Z] > git remote --verbose [3ms]
[2022-06-07T14:51:36.790Z] > git for-each-ref --sort -committerdate --format %(refname) %(objectname) %(*objectname) [6ms]
[2022-06-07T14:51:36.791Z] > git symbolic-ref --short HEAD [9ms]
[2022-06-07T14:51:36.798Z] > git for-each-ref --format=%(refname)%00%(upstream:short)%00%(objectname)%00%(upstream:track) refs/heads/main refs/remotes/main [4ms]
[2022-06-07T14:51:36.804Z] > git for-each-ref --sort -committerdate --format %(refname) %(objectname) %(*objectname) [4ms]
[2022-06-07T14:51:36.804Z] > git config --get commit.template [7ms]
[2022-06-07T14:51:36.805Z] > git remote --verbose [2ms]
[2022-06-07T14:51:36.811Z] > git config --get commit.template [2ms]
