[2022-06-08T04:51:55.461Z] Validating found git in: git
[2022-06-08T04:51:55.489Z] Using git 2.25.1 from git
[2022-06-08T04:51:55.539Z] > git rev-parse --git-dir [1ms]
[2022-06-08T04:51:55.545Z] Open repository: /home/nitin/github/autolycus
[2022-06-08T04:51:55.559Z] > git symbolic-ref --short HEAD [3ms]
[2022-06-08T04:51:55.566Z] > git for-each-ref --format=%(refname)%00%(upstream:short)%00%(objectname)%00%(upstream:track) refs/heads/dev refs/remotes/dev [4ms]
[2022-06-08T04:51:55.572Z] > git remote --verbose [1ms]
[2022-06-08T04:51:55.572Z] > git for-each-ref --sort -committerdate --format %(refname) %(objectname) %(*objectname) [4ms]
[2022-06-08T04:51:55.575Z] > git rev-parse --git-dir [10ms]
[2022-06-08T04:51:55.576Z] Open repository: /home/nitin/github/evillimiter
[2022-06-08T04:51:55.604Z] > git config --get commit.template [6ms]
[2022-06-08T04:51:55.608Z] > git symbolic-ref --short HEAD [5ms]
[2022-06-08T04:51:55.614Z] > git for-each-ref --format=%(refname)%00%(upstream:short)%00%(objectname)%00%(upstream:track) refs/heads/master refs/remotes/master [4ms]
[2022-06-08T04:51:55.622Z] > git remote --verbose [1ms]
[2022-06-08T04:51:55.622Z] > git for-each-ref --sort -committerdate --format %(refname) %(objectname) %(*objectname) [5ms]
[2022-06-08T04:51:55.626Z] > git rev-parse --git-dir [12ms]
[2022-06-08T04:51:55.628Z] Open repository: /home/nitin/github/hollowverse-design-challenge
[2022-06-08T04:51:55.645Z] > git symbolic-ref --short HEAD [1ms]
[2022-06-08T04:51:55.648Z] > git config --get commit.template [7ms]
[2022-06-08T04:51:55.651Z] > git for-each-ref --format=%(refname)%00%(upstream:short)%00%(objectname)%00%(upstream:track) refs/heads/main refs/remotes/main [4ms]
[2022-06-08T04:51:55.658Z] > git for-each-ref --sort -committerdate --format %(refname) %(objectname) %(*objectname) [4ms]
[2022-06-08T04:51:55.659Z] > git rev-parse --git-dir [8ms]
[2022-06-08T04:51:55.664Z] Open repository: /home/nitin/github/irctc-automation
[2022-06-08T04:51:55.678Z] > git remote --verbose [22ms]
[2022-06-08T04:51:55.707Z] > git symbolic-ref --short HEAD [29ms]
[2022-06-08T04:51:55.714Z] > git for-each-ref --format=%(refname)%00%(upstream:short)%00%(objectname)%00%(upstream:track) refs/heads/main refs/remotes/main [4ms]
[2022-06-08T04:51:55.719Z] > git config --get commit.template [12ms]
[2022-06-08T04:51:55.720Z] > git remote --verbose [1ms]
[2022-06-08T04:51:55.720Z] > git for-each-ref --sort -committerdate --format %(refname) %(objectname) %(*objectname) [3ms]
[2022-06-08T04:51:55.722Z] > git rev-parse --git-dir [9ms]
[2022-06-08T04:51:55.723Z] Open repository: /home/nitin/github/jetson-anomaly-detection
[2022-06-08T04:51:55.736Z] > git config --get commit.template [4ms]
[2022-06-08T04:51:55.740Z] > git symbolic-ref --short HEAD [6ms]
[2022-06-08T04:51:55.746Z] > git for-each-ref --format=%(refname)%00%(upstream:short)%00%(objectname)%00%(upstream:track) refs/heads/main refs/remotes/main [4ms]
[2022-06-08T04:51:55.752Z] > git for-each-ref --sort -committerdate --format %(refname) %(objectname) %(*objectname) [4ms]
[2022-06-08T04:51:55.752Z] > git rev-parse --git-dir [7ms]
[2022-06-08T04:51:55.754Z] Open repository: /home/nitin/github/libtorrentx
[2022-06-08T04:51:55.768Z] > git remote --verbose [17ms]
[2022-06-08T04:51:55.773Z] > git rev-parse --git-dir [5ms]
[2022-06-08T04:51:55.775Z] Open repository: /home/nitin/github/moosync
[2022-06-08T04:51:55.781Z] > git symbolic-ref --short HEAD [15ms]
[2022-06-08T04:51:55.789Z] > git config --get commit.template [17ms]
[2022-06-08T04:51:55.793Z] > git symbolic-ref --short HEAD [6ms]
[2022-06-08T04:51:55.796Z] > git for-each-ref --format=%(refname)%00%(upstream:short)%00%(objectname)%00%(upstream:track) refs/heads/main refs/remotes/main [13ms]
[2022-06-08T04:51:55.802Z] > git for-each-ref --sort -committerdate --format %(refname) %(objectname) %(*objectname) [3ms]
[2022-06-08T04:51:55.802Z] > git for-each-ref --format=%(refname)%00%(upstream:short)%00%(objectname)%00%(upstream:track) refs/heads/main refs/remotes/main [6ms]
[2022-06-08T04:51:55.807Z] > git rev-parse --git-dir [14ms]
[2022-06-08T04:51:55.809Z] Open repository: /home/nitin/github/pydstream
[2022-06-08T04:51:55.823Z] > git remote --verbose [16ms]
[2022-06-08T04:51:55.824Z] > git for-each-ref --sort -committerdate --format %(refname) %(objectname) %(*objectname) [20ms]
[2022-06-08T04:51:55.826Z] > git remote --verbose [25ms]
[2022-06-08T04:51:55.834Z] > git symbolic-ref --short HEAD [11ms]
[2022-06-08T04:51:55.849Z] > git for-each-ref --format=%(refname)%00%(upstream:short)%00%(objectname)%00%(upstream:track) refs/heads/dev refs/remotes/dev [8ms]
[2022-06-08T04:51:55.857Z] > git config --get commit.template [25ms]
[2022-06-08T04:51:55.858Z] > git config --get commit.template [28ms]
[2022-06-08T04:51:55.863Z] > git remote --verbose [6ms]
[2022-06-08T04:51:55.863Z] > git for-each-ref --sort -committerdate --format %(refname) %(objectname) %(*objectname) [10ms]
[2022-06-08T04:51:55.865Z] > git rev-parse --git-dir [18ms]
[2022-06-08T04:51:55.867Z] Open repository: /home/nitin/github/torrent-search
[2022-06-08T04:51:55.885Z] > git symbolic-ref --short HEAD [3ms]
[2022-06-08T04:51:55.888Z] > git config --get commit.template [10ms]
[2022-06-08T04:51:55.889Z] > git rev-parse --git-dir [5ms]
[2022-06-08T04:51:55.891Z] Open repository: /home/nitin/github/v4l2loopback
[2022-06-08T04:51:55.900Z] > git for-each-ref --format=%(refname)%00%(upstream:short)%00%(objectname)%00%(upstream:track) refs/heads/main refs/remotes/main [13ms]
[2022-06-08T04:51:55.907Z] > git remote --verbose [2ms]
[2022-06-08T04:51:55.907Z] > git for-each-ref --sort -committerdate --format %(refname) %(objectname) %(*objectname) [4ms]
[2022-06-08T04:51:55.908Z] > git symbolic-ref --short HEAD [8ms]
[2022-06-08T04:51:55.922Z] > git for-each-ref --format=%(refname)%00%(upstream:short)%00%(objectname)%00%(upstream:track) refs/heads/main refs/remotes/main [11ms]
[2022-06-08T04:51:55.930Z] > git for-each-ref --sort -committerdate --format %(refname) %(objectname) %(*objectname) [5ms]
[2022-06-08T04:51:55.930Z] > git config --get commit.template [8ms]
[2022-06-08T04:51:55.931Z] > git remote --verbose [4ms]
[2022-06-08T04:51:55.938Z] > git config --get commit.template [3ms]
