[2022-06-08 10:18:24.740] [exthost] [info] Extension host with pid 477 started
[2022-06-08 10:18:24.742] [exthost] [error] Error: EEXIST: file already exists, open '/config/data/User/workspaceStorage/-46977b82/vscode.lock'
[2022-06-08 10:18:24.742] [exthost] [info] Lock '/config/data/User/workspaceStorage/-46977b82/vscode.lock': Could not acquire lock, checking if the file is stale.
[2022-06-08 10:18:24.743] [exthost] [info] Lock '/config/data/User/workspaceStorage/-46977b82/vscode.lock': The lock does not look stale, elapsed: 153733 ms, giving up.
[2022-06-08 10:18:24.744] [exthost] [error] Error: EEXIST: file already exists, open '/config/data/User/workspaceStorage/-46977b82-1/vscode.lock'
[2022-06-08 10:18:24.744] [exthost] [info] Lock '/config/data/User/workspaceStorage/-46977b82-1/vscode.lock': Lock acquired.
[2022-06-08 10:18:24.774] [exthost] [info] ExtensionService#_doActivateExtension vscode.debug-auto-launch, startup: true, activationEvent: '*'
[2022-06-08 10:18:24.779] [exthost] [info] ExtensionService#_doActivateExtension vscode.git-base, startup: true, activationEvent: '*', root cause: vscode.git
[2022-06-08 10:18:24.782] [exthost] [info] ExtensionService#_doActivateExtension vscode.ipynb, startup: true, activationEvent: '*'
[2022-06-08 10:18:24.815] [exthost] [info] ExtensionService#_doActivateExtension vscode.git, startup: true, activationEvent: '*'
[2022-06-08 10:18:24.877] [exthost] [info] ExtensionService#_doActivateExtension vscode.github, startup: true, activationEvent: '*'
[2022-06-08 10:18:24.932] [exthost] [warning] [vscode.git] Accessing a resource scoped configuration without providing a resource is not expected. To get the effective value for 'git.commandsToLog', provide the URI of a resource or 'null' for any resource.
[2022-06-08 10:18:24.945] [exthost] [info] ExtensionService#_doActivateExtension vscode.emmet, startup: false, activationEvent: 'onStartupFinished'
[2022-06-08 10:18:24.961] [exthost] [info] ExtensionService#_doActivateExtension vscode.merge-conflict, startup: false, activationEvent: 'onStartupFinished'
[2022-06-08 10:18:24.965] [exthost] [info] Eager extensions activated
[2022-06-08 10:18:25.060] [exthost] [warning] [vscode.emmet] Accessing a resource scoped configuration without providing a resource is not expected. To get the effective value for 'emmet.includeLanguages', provide the URI of a resource or 'null' for any resource.
[2022-06-08 10:18:38.574] [exthost] [info] ExtensionService#_doActivateExtension vscode.github-authentication, startup: false, activationEvent: 'onAuthenticationRequest:github'
[2022-06-08 10:21:46.812] [exthost] [info] extension host terminating: received terminate message from renderer
[2022-06-08 10:21:46.812] [exthost] [info] Lock '/config/data/User/workspaceStorage/-46977b82-1/vscode.lock': Marking the lockfile as scheduled to be released in 6000 ms.
[2022-06-08 10:21:46.829] [exthost] [info] Extension host with pid 477 exiting with code 0
