[2022-06-08T04:47:36.149Z] Validating found git in: git
[2022-06-08T04:47:36.178Z] Using git 2.25.1 from git
[2022-06-08T04:47:36.229Z] > git rev-parse --git-dir [1ms]
[2022-06-08T04:47:36.234Z] Open repository: /home/nitin/github/autolycus
[2022-06-08T04:47:36.249Z] > git symbolic-ref --short HEAD [4ms]
[2022-06-08T04:47:36.273Z] > git for-each-ref --format=%(refname)%00%(upstream:short)%00%(objectname)%00%(upstream:track) refs/heads/dev refs/remotes/dev [22ms]
[2022-06-08T04:47:36.280Z] > git remote --verbose [2ms]
[2022-06-08T04:47:36.280Z] > git for-each-ref --sort -committerdate --format %(refname) %(objectname) %(*objectname) [4ms]
[2022-06-08T04:47:36.283Z] > git rev-parse --git-dir [29ms]
[2022-06-08T04:47:36.284Z] Open repository: /home/nitin/github/evillimiter
[2022-06-08T04:47:36.298Z] > git config --get commit.template [5ms]
[2022-06-08T04:47:36.302Z] > git symbolic-ref --short HEAD [6ms]
[2022-06-08T04:47:36.311Z] > git for-each-ref --format=%(refname)%00%(upstream:short)%00%(objectname)%00%(upstream:track) refs/heads/master refs/remotes/master [6ms]
[2022-06-08T04:47:36.318Z] > git for-each-ref --sort -committerdate --format %(refname) %(objectname) %(*objectname) [3ms]
[2022-06-08T04:47:36.319Z] > git rev-parse --git-dir [11ms]
[2022-06-08T04:47:36.321Z] Open repository: /home/nitin/github/hollowverse-design-challenge
[2022-06-08T04:47:36.331Z] > git remote --verbose [14ms]
[2022-06-08T04:47:36.339Z] > git symbolic-ref --short HEAD [8ms]
[2022-06-08T04:47:36.345Z] > git for-each-ref --format=%(refname)%00%(upstream:short)%00%(objectname)%00%(upstream:track) refs/heads/main refs/remotes/main [4ms]
[2022-06-08T04:47:36.351Z] > git config --get commit.template [13ms]
[2022-06-08T04:47:36.352Z] > git remote --verbose [2ms]
[2022-06-08T04:47:36.352Z] > git for-each-ref --sort -committerdate --format %(refname) %(objectname) %(*objectname) [4ms]
[2022-06-08T04:47:36.354Z] > git rev-parse --git-dir [10ms]
[2022-06-08T04:47:36.355Z] Open repository: /home/nitin/github/irctc-automation
[2022-06-08T04:47:36.368Z] > git config --get commit.template [4ms]
[2022-06-08T04:47:36.372Z] > git symbolic-ref --short HEAD [4ms]
[2022-06-08T04:47:36.375Z] > git rev-parse --git-dir [4ms]
[2022-06-08T04:47:36.377Z] Open repository: /home/nitin/github/jetson-anomaly-detection
[2022-06-08T04:47:36.414Z] > git for-each-ref --format=%(refname)%00%(upstream:short)%00%(objectname)%00%(upstream:track) refs/heads/main refs/remotes/main [40ms]
[2022-06-08T04:47:36.420Z] > git remote --verbose [1ms]
[2022-06-08T04:47:36.421Z] > git for-each-ref --sort -committerdate --format %(refname) %(objectname) %(*objectname) [4ms]
[2022-06-08T04:47:36.425Z] > git symbolic-ref --short HEAD [13ms]
[2022-06-08T04:47:36.430Z] > git rev-parse --git-dir [5ms]
[2022-06-08T04:47:36.432Z] Open repository: /home/nitin/github/libtorrentx
[2022-06-08T04:47:36.442Z] > git config --get commit.template [12ms]
[2022-06-08T04:47:36.442Z] > git for-each-ref --format=%(refname)%00%(upstream:short)%00%(objectname)%00%(upstream:track) refs/heads/main refs/remotes/main [15ms]
[2022-06-08T04:47:36.448Z] > git remote --verbose [1ms]
[2022-06-08T04:47:36.449Z] > git for-each-ref --sort -committerdate --format %(refname) %(objectname) %(*objectname) [4ms]
[2022-06-08T04:47:36.450Z] > git symbolic-ref --short HEAD [9ms]
[2022-06-08T04:47:36.460Z] > git rev-parse --git-dir [4ms]
[2022-06-08T04:47:36.462Z] Open repository: /home/nitin/github/moosync
[2022-06-08T04:47:36.468Z] > git for-each-ref --format=%(refname)%00%(upstream:short)%00%(objectname)%00%(upstream:track) refs/heads/main refs/remotes/main [15ms]
[2022-06-08T04:47:36.480Z] > git for-each-ref --sort -committerdate --format %(refname) %(objectname) %(*objectname) [9ms]
[2022-06-08T04:47:36.483Z] > git config --get commit.template [23ms]
[2022-06-08T04:47:36.488Z] > git symbolic-ref --short HEAD [9ms]
[2022-06-08T04:47:36.491Z] > git remote --verbose [18ms]
[2022-06-08T04:47:36.497Z] > git for-each-ref --format=%(refname)%00%(upstream:short)%00%(objectname)%00%(upstream:track) refs/heads/main refs/remotes/main [6ms]
[2022-06-08T04:47:36.504Z] > git rev-parse --git-dir [15ms]
[2022-06-08T04:47:36.506Z] Open repository: /home/nitin/github/pydstream
[2022-06-08T04:47:36.520Z] > git remote --verbose [17ms]
[2022-06-08T04:47:36.520Z] > git for-each-ref --sort -committerdate --format %(refname) %(objectname) %(*objectname) [20ms]
[2022-06-08T04:47:36.521Z] > git config --get commit.template [25ms]
[2022-06-08T04:47:36.526Z] > git symbolic-ref --short HEAD [6ms]
[2022-06-08T04:47:36.532Z] > git rev-parse --git-dir [1ms]
[2022-06-08T04:47:36.534Z] Open repository: /home/nitin/github/torrent-search
[2022-06-08T04:47:36.541Z] > git for-each-ref --format=%(refname)%00%(upstream:short)%00%(objectname)%00%(upstream:track) refs/heads/dev refs/remotes/dev [12ms]
[2022-06-08T04:47:36.546Z] > git config --get commit.template [21ms]
[2022-06-08T04:47:36.552Z] > git remote --verbose [6ms]
[2022-06-08T04:47:36.552Z] > git for-each-ref --sort -committerdate --format %(refname) %(objectname) %(*objectname) [8ms]
[2022-06-08T04:47:36.561Z] > git symbolic-ref --short HEAD [9ms]
[2022-06-08T04:47:36.566Z] > git for-each-ref --format=%(refname)%00%(upstream:short)%00%(objectname)%00%(upstream:track) refs/heads/main refs/remotes/main [2ms]
[2022-06-08T04:47:36.572Z] > git config --get commit.template [12ms]
[2022-06-08T04:47:36.573Z] > git rev-parse --git-dir [15ms]
[2022-06-08T04:47:36.575Z] Open repository: /home/nitin/github/v4l2loopback
[2022-06-08T04:47:36.586Z] > git remote --verbose [14ms]
[2022-06-08T04:47:36.586Z] > git for-each-ref --sort -committerdate --format %(refname) %(objectname) %(*objectname) [17ms]
[2022-06-08T04:47:36.592Z] > git symbolic-ref --short HEAD [6ms]
[2022-06-08T04:47:36.597Z] > git config --get commit.template [5ms]
[2022-06-08T04:47:36.598Z] > git for-each-ref --format=%(refname)%00%(upstream:short)%00%(objectname)%00%(upstream:track) refs/heads/main refs/remotes/main [2ms]
[2022-06-08T04:47:36.611Z] > git remote --verbose [8ms]
[2022-06-08T04:47:36.611Z] > git for-each-ref --sort -committerdate --format %(refname) %(objectname) %(*objectname) [10ms]
[2022-06-08T04:47:36.617Z] > git config --get commit.template [1ms]
[2022-06-08T04:47:42.737Z] > git rev-parse --git-dir [1ms]
[2022-06-08T04:47:42.739Z] Open repository: /home/nitin/github/jwb-ui
[2022-06-08T04:47:42.754Z] > git symbolic-ref --short HEAD [5ms]
[2022-06-08T04:47:42.760Z] > git for-each-ref --format=%(refname)%00%(upstream:short)%00%(objectname)%00%(upstream:track) refs/heads/master refs/remotes/master [2ms]
[2022-06-08T04:47:42.767Z] > git for-each-ref --sort -committerdate --format %(refname) %(objectname) %(*objectname) [4ms]
[2022-06-08T04:47:42.767Z] > git remote --verbose [1ms]
[2022-06-08T04:47:42.772Z] > git config --get commit.template [1ms]
