[2022-06-07 20:21:34.252] [exthost] [info] Extension host with pid 477 started
[2022-06-07 20:21:34.255] [exthost] [error] Error: EEXIST: file already exists, open '/config/data/User/workspaceStorage/-6da1ca2f/vscode.lock'
[2022-06-07 20:21:34.256] [exthost] [info] Lock '/config/data/User/workspaceStorage/-6da1ca2f/vscode.lock': Could not acquire lock, checking if the file is stale.
[2022-06-07 20:21:34.257] [exthost] [info] Lock '/config/data/User/workspaceStorage/-6da1ca2f/vscode.lock': The lock looks stale, waiting for 2s.
[2022-06-07 20:21:34.288] [exthost] [info] ExtensionService#_doActivateExtension vscode.debug-auto-launch, startup: true, activationEvent: '*'
[2022-06-07 20:21:34.293] [exthost] [info] ExtensionService#_doActivateExtension vscode.git-base, startup: true, activationEvent: '*', root cause: vscode.git
[2022-06-07 20:21:34.297] [exthost] [info] ExtensionService#_doActivateExtension vscode.ipynb, startup: true, activationEvent: '*'
[2022-06-07 20:21:36.259] [exthost] [info] Lock '/config/data/User/workspaceStorage/-6da1ca2f/vscode.lock': The lock looks stale even after waiting for 2s.
[2022-06-07 20:21:36.259] [exthost] [info] Lock '/config/data/User/workspaceStorage/-6da1ca2f/vscode.lock': Deleting a stale lock.
[2022-06-07 20:21:36.264] [exthost] [info] Lock '/config/data/User/workspaceStorage/-6da1ca2f/vscode.lock': Lock acquired.
[2022-06-07 20:21:36.282] [exthost] [info] ExtensionService#_doActivateExtension vscode.git, startup: true, activationEvent: '*'
[2022-06-07 20:21:36.346] [exthost] [info] ExtensionService#_doActivateExtension vscode.github, startup: true, activationEvent: '*'
[2022-06-07 20:21:36.385] [exthost] [warning] [vscode.git] Accessing a resource scoped configuration without providing a resource is not expected. To get the effective value for 'git.commandsToLog', provide the URI of a resource or 'null' for any resource.
[2022-06-07 20:21:36.397] [exthost] [info] ExtensionService#_doActivateExtension vscode.emmet, startup: false, activationEvent: 'onStartupFinished'
[2022-06-07 20:21:36.412] [exthost] [info] ExtensionService#_doActivateExtension vscode.merge-conflict, startup: false, activationEvent: 'onStartupFinished'
[2022-06-07 20:21:36.416] [exthost] [info] Eager extensions activated
[2022-06-07 20:21:36.474] [exthost] [warning] [vscode.emmet] Accessing a resource scoped configuration without providing a resource is not expected. To get the effective value for 'emmet.includeLanguages', provide the URI of a resource or 'null' for any resource.
[2022-06-07 20:22:33.774] [exthost] [info] extension host terminating: received terminate message from renderer
[2022-06-07 20:22:33.774] [exthost] [info] Lock '/config/data/User/workspaceStorage/-6da1ca2f/vscode.lock': Marking the lockfile as scheduled to be released in 6000 ms.
[2022-06-07 20:22:33.787] [exthost] [info] Extension host with pid 477 exiting with code 0
