[2022-06-08T04:45:59.425Z] Validating found git in: git
[2022-06-08T04:45:59.452Z] Using git 2.25.1 from git
[2022-06-08T04:45:59.504Z] > git rev-parse --git-dir [0ms]
[2022-06-08T04:45:59.509Z] Open repository: /home/nitin/github/autolycus
[2022-06-08T04:45:59.522Z] > git symbolic-ref --short HEAD [4ms]
[2022-06-08T04:45:59.531Z] > git for-each-ref --format=%(refname)%00%(upstream:short)%00%(objectname)%00%(upstream:track) refs/heads/dev refs/remotes/dev [6ms]
[2022-06-08T04:45:59.537Z] > git remote --verbose [1ms]
[2022-06-08T04:45:59.538Z] > git for-each-ref --sort -committerdate --format %(refname) %(objectname) %(*objectname) [4ms]
[2022-06-08T04:45:59.540Z] > git rev-parse --git-dir [9ms]
[2022-06-08T04:45:59.542Z] Open repository: /home/nitin/github/evillimiter
[2022-06-08T04:45:59.553Z] > git config --get commit.template [4ms]
[2022-06-08T04:45:59.557Z] > git symbolic-ref --short HEAD [4ms]
[2022-06-08T04:45:59.562Z] > git for-each-ref --format=%(refname)%00%(upstream:short)%00%(objectname)%00%(upstream:track) refs/heads/master refs/remotes/master [3ms]
[2022-06-08T04:45:59.567Z] > git for-each-ref --sort -committerdate --format %(refname) %(objectname) %(*objectname) [3ms]
[2022-06-08T04:45:59.567Z] > git rev-parse --git-dir [6ms]
[2022-06-08T04:45:59.569Z] Open repository: /home/nitin/github/hollowverse-design-challenge
[2022-06-08T04:45:59.577Z] > git remote --verbose [11ms]
[2022-06-08T04:45:59.583Z] > git symbolic-ref --short HEAD [6ms]
[2022-06-08T04:45:59.588Z] > git for-each-ref --format=%(refname)%00%(upstream:short)%00%(objectname)%00%(upstream:track) refs/heads/main refs/remotes/main [3ms]
[2022-06-08T04:45:59.593Z] > git config --get commit.template [10ms]
[2022-06-08T04:45:59.594Z] > git remote --verbose [2ms]
[2022-06-08T04:45:59.594Z] > git for-each-ref --sort -committerdate --format %(refname) %(objectname) %(*objectname) [4ms]
[2022-06-08T04:45:59.595Z] > git rev-parse --git-dir [7ms]
[2022-06-08T04:45:59.597Z] Open repository: /home/nitin/github/irctc-automation
[2022-06-08T04:45:59.608Z] > git symbolic-ref --short HEAD [1ms]
[2022-06-08T04:45:59.610Z] > git config --get commit.template [6ms]
[2022-06-08T04:45:59.614Z] > git for-each-ref --format=%(refname)%00%(upstream:short)%00%(objectname)%00%(upstream:track) refs/heads/main refs/remotes/main [4ms]
[2022-06-08T04:45:59.619Z] > git for-each-ref --sort -committerdate --format %(refname) %(objectname) %(*objectname) [3ms]
[2022-06-08T04:45:59.619Z] > git rev-parse --git-dir [6ms]
[2022-06-08T04:45:59.621Z] Open repository: /home/nitin/github/jetson-anomaly-detection
[2022-06-08T04:45:59.630Z] > git remote --verbose [12ms]
[2022-06-08T04:45:59.634Z] > git symbolic-ref --short HEAD [4ms]
[2022-06-08T04:45:59.667Z] > git for-each-ref --format=%(refname)%00%(upstream:short)%00%(objectname)%00%(upstream:track) refs/heads/main refs/remotes/main [30ms]
[2022-06-08T04:45:59.673Z] > git config --get commit.template [39ms]
[2022-06-08T04:45:59.675Z] > git remote --verbose [2ms]
[2022-06-08T04:45:59.675Z] > git for-each-ref --sort -committerdate --format %(refname) %(objectname) %(*objectname) [5ms]
[2022-06-08T04:45:59.676Z] > git rev-parse --git-dir [9ms]
[2022-06-08T04:45:59.678Z] Open repository: /home/nitin/github/libtorrentx
[2022-06-08T04:45:59.717Z] > git config --get commit.template [28ms]
[2022-06-08T04:45:59.724Z] > git rev-parse --git-dir [3ms]
[2022-06-08T04:45:59.726Z] Open repository: /home/nitin/github/moosync
[2022-06-08T04:45:59.733Z] > git symbolic-ref --short HEAD [40ms]
[2022-06-08T04:45:59.746Z] > git symbolic-ref --short HEAD [6ms]
[2022-06-08T04:45:59.748Z] > git for-each-ref --format=%(refname)%00%(upstream:short)%00%(objectname)%00%(upstream:track) refs/heads/main refs/remotes/main [12ms]
[2022-06-08T04:45:59.756Z] > git remote --verbose [2ms]
[2022-06-08T04:45:59.756Z] > git for-each-ref --sort -committerdate --format %(refname) %(objectname) %(*objectname) [4ms]
[2022-06-08T04:45:59.757Z] > git for-each-ref --format=%(refname)%00%(upstream:short)%00%(objectname)%00%(upstream:track) refs/heads/main refs/remotes/main [9ms]
[2022-06-08T04:45:59.769Z] > git remote --verbose [5ms]
[2022-06-08T04:45:59.769Z] > git for-each-ref --sort -committerdate --format %(refname) %(objectname) %(*objectname) [8ms]
[2022-06-08T04:45:59.775Z] > git config --get commit.template [6ms]
[2022-06-08T04:45:59.775Z] > git rev-parse --git-dir [9ms]
[2022-06-08T04:45:59.777Z] Open repository: /home/nitin/github/pydstream
[2022-06-08T04:45:59.789Z] > git config --get commit.template [14ms]
[2022-06-08T04:45:59.790Z] > git rev-parse --git-dir [1ms]
[2022-06-08T04:45:59.792Z] Open repository: /home/nitin/github/torrent-search
[2022-06-08T04:45:59.798Z] > git symbolic-ref --short HEAD [12ms]
[2022-06-08T04:45:59.807Z] > git symbolic-ref --short HEAD [4ms]
[2022-06-08T04:45:59.809Z] > git for-each-ref --format=%(refname)%00%(upstream:short)%00%(objectname)%00%(upstream:track) refs/heads/dev refs/remotes/dev [9ms]
[2022-06-08T04:45:59.815Z] > git for-each-ref --sort -committerdate --format %(refname) %(objectname) %(*objectname) [3ms]
[2022-06-08T04:45:59.815Z] > git for-each-ref --format=%(refname)%00%(upstream:short)%00%(objectname)%00%(upstream:track) refs/heads/main refs/remotes/main [6ms]
[2022-06-08T04:45:59.820Z] > git rev-parse --git-dir [14ms]
[2022-06-08T04:45:59.822Z] Open repository: /home/nitin/github/v4l2loopback
[2022-06-08T04:45:59.833Z] > git remote --verbose [13ms]
[2022-06-08T04:45:59.833Z] > git for-each-ref --sort -committerdate --format %(refname) %(objectname) %(*objectname) [16ms]
[2022-06-08T04:45:59.834Z] > git remote --verbose [20ms]
[2022-06-08T04:45:59.841Z] > git symbolic-ref --short HEAD [9ms]
[2022-06-08T04:45:59.844Z] > git config --get commit.template [3ms]
[2022-06-08T04:45:59.845Z] > git config --get commit.template [7ms]
[2022-06-08T04:45:59.845Z] > git for-each-ref --format=%(refname)%00%(upstream:short)%00%(objectname)%00%(upstream:track) refs/heads/main refs/remotes/main [1ms]
[2022-06-08T04:45:59.852Z] > git for-each-ref --sort -committerdate --format %(refname) %(objectname) %(*objectname) [4ms]
[2022-06-08T04:45:59.852Z] > git remote --verbose [2ms]
[2022-06-08T04:45:59.858Z] > git config --get commit.template [2ms]
[2022-06-08T04:46:08.240Z] > git rev-parse --git-dir [1ms]
[2022-06-08T04:46:08.242Z] Open repository: /home/nitin/github/jwb-ui
[2022-06-08T04:46:08.250Z] > git symbolic-ref --short HEAD [1ms]
[2022-06-08T04:46:08.253Z] > git for-each-ref --format=%(refname)%00%(upstream:short)%00%(objectname)%00%(upstream:track) refs/heads/master refs/remotes/master [1ms]
[2022-06-08T04:46:08.259Z] > git for-each-ref --sort -committerdate --format %(refname) %(objectname) %(*objectname) [3ms]
[2022-06-08T04:46:08.260Z] > git remote --verbose [1ms]
[2022-06-08T04:46:08.264Z] > git config --get commit.template [1ms]
