[2022-06-08 10:10:53.554] [exthost] [info] Extension host with pid 471 started
[2022-06-08 10:10:53.555] [exthost] [error] Error: EEXIST: file already exists, open '/config/data/User/workspaceStorage/7e5a23e9/vscode.lock'
[2022-06-08 10:10:53.557] [exthost] [info] Lock '/config/data/User/workspaceStorage/7e5a23e9/vscode.lock': Could not acquire lock, checking if the file is stale.
[2022-06-08 10:10:53.558] [exthost] [info] Lock '/config/data/User/workspaceStorage/7e5a23e9/vscode.lock': The lock looks stale, waiting for 2s.
[2022-06-08 10:10:53.582] [exthost] [info] ExtensionService#_doActivateExtension vscode.debug-auto-launch, startup: true, activationEvent: '*'
[2022-06-08 10:10:53.587] [exthost] [info] ExtensionService#_doActivateExtension vscode.git-base, startup: true, activationEvent: '*', root cause: vscode.git
[2022-06-08 10:10:53.591] [exthost] [info] ExtensionService#_doActivateExtension vscode.ipynb, startup: true, activationEvent: '*'
[2022-06-08 10:10:53.608] [exthost] [info] ExtensionService#_doActivateExtension vscode.npm, startup: true, activationEvent: 'workspaceContains:package.json'
[2022-06-08 10:10:55.559] [exthost] [info] Lock '/config/data/User/workspaceStorage/7e5a23e9/vscode.lock': The lock looks stale even after waiting for 2s.
[2022-06-08 10:10:55.559] [exthost] [info] Lock '/config/data/User/workspaceStorage/7e5a23e9/vscode.lock': Deleting a stale lock.
[2022-06-08 10:10:55.565] [exthost] [info] Lock '/config/data/User/workspaceStorage/7e5a23e9/vscode.lock': Lock acquired.
[2022-06-08 10:10:55.596] [exthost] [info] ExtensionService#_doActivateExtension vscode.git, startup: true, activationEvent: '*'
[2022-06-08 10:10:55.676] [exthost] [info] ExtensionService#_doActivateExtension vscode.github, startup: true, activationEvent: '*'
[2022-06-08 10:10:55.717] [exthost] [warning] [vscode.git] Accessing a resource scoped configuration without providing a resource is not expected. To get the effective value for 'git.commandsToLog', provide the URI of a resource or 'null' for any resource.
[2022-06-08 10:10:55.799] [exthost] [info] ExtensionService#_doActivateExtension vscode.emmet, startup: false, activationEvent: 'onStartupFinished'
[2022-06-08 10:10:55.815] [exthost] [info] ExtensionService#_doActivateExtension vscode.merge-conflict, startup: false, activationEvent: 'onStartupFinished'
[2022-06-08 10:10:55.819] [exthost] [info] Eager extensions activated
[2022-06-08 10:10:55.827] [exthost] [warning] [vscode.emmet] Accessing a resource scoped configuration without providing a resource is not expected. To get the effective value for 'emmet.includeLanguages', provide the URI of a resource or 'null' for any resource.
[2022-06-08 10:11:03.149] [exthost] [info] extension host terminating: received terminate message from renderer
[2022-06-08 10:11:03.149] [exthost] [info] Lock '/config/data/User/workspaceStorage/7e5a23e9/vscode.lock': Marking the lockfile as scheduled to be released in 6000 ms.
[2022-06-08 10:11:03.158] [exthost] [info] Extension host with pid 471 exiting with code 0
