[2022-06-07T14:43:53.627Z] Validating found git in: git
[2022-06-07T14:43:53.655Z] Using git 2.25.1 from git
[2022-06-07T14:43:53.704Z] > git rev-parse --git-dir [1ms]
[2022-06-07T14:43:53.710Z] Open repository: /home/nitin/github/autolycus
[2022-06-07T14:43:53.725Z] > git symbolic-ref --short HEAD [4ms]
[2022-06-07T14:43:53.731Z] > git for-each-ref --format=%(refname)%00%(upstream:short)%00%(objectname)%00%(upstream:track) refs/heads/dev refs/remotes/dev [4ms]
[2022-06-07T14:43:53.755Z] > git remote --verbose [19ms]
[2022-06-07T14:43:53.755Z] > git for-each-ref --sort -committerdate --format %(refname) %(objectname) %(*objectname) [22ms]
[2022-06-07T14:43:53.757Z] > git rev-parse --git-dir [27ms]
[2022-06-07T14:43:53.759Z] Open repository: /home/nitin/github/evillimiter
[2022-06-07T14:43:53.770Z] > git config --get commit.template [3ms]
[2022-06-07T14:43:53.775Z] > git symbolic-ref --short HEAD [5ms]
[2022-06-07T14:43:53.781Z] > git for-each-ref --format=%(refname)%00%(upstream:short)%00%(objectname)%00%(upstream:track) refs/heads/master refs/remotes/master [4ms]
[2022-06-07T14:43:53.789Z] > git for-each-ref --sort -committerdate --format %(refname) %(objectname) %(*objectname) [6ms]
[2022-06-07T14:43:53.789Z] > git rev-parse --git-dir [9ms]
[2022-06-07T14:43:53.791Z] Open repository: /home/nitin/github/hollowverse-design-challenge
[2022-06-07T14:43:53.802Z] > git remote --verbose [16ms]
[2022-06-07T14:43:53.809Z] > git symbolic-ref --short HEAD [7ms]
[2022-06-07T14:43:53.815Z] > git rev-parse --git-dir [1ms]
[2022-06-07T14:43:53.817Z] Open repository: /home/nitin/github/irctc-automation
[2022-06-07T14:43:53.822Z] > git for-each-ref --format=%(refname)%00%(upstream:short)%00%(objectname)%00%(upstream:track) refs/heads/main refs/remotes/main [11ms]
[2022-06-07T14:43:53.826Z] > git config --get commit.template [17ms]
[2022-06-07T14:43:53.831Z] > git remote --verbose [5ms]
[2022-06-07T14:43:53.831Z] > git for-each-ref --sort -committerdate --format %(refname) %(objectname) %(*objectname) [7ms]
[2022-06-07T14:43:53.837Z] > git symbolic-ref --short HEAD [6ms]
[2022-06-07T14:43:53.840Z] > git config --get commit.template [3ms]
[2022-06-07T14:43:53.841Z] > git rev-parse --git-dir [7ms]
[2022-06-07T14:43:53.843Z] Open repository: /home/nitin/github/jetson-anomaly-detection
[2022-06-07T14:43:53.853Z] > git for-each-ref --format=%(refname)%00%(upstream:short)%00%(objectname)%00%(upstream:track) refs/heads/main refs/remotes/main [14ms]
[2022-06-07T14:43:53.882Z] > git remote --verbose [24ms]
[2022-06-07T14:43:53.882Z] > git for-each-ref --sort -committerdate --format %(refname) %(objectname) %(*objectname) [26ms]
[2022-06-07T14:43:53.884Z] > git symbolic-ref --short HEAD [31ms]
[2022-06-07T14:43:53.892Z] > git for-each-ref --format=%(refname)%00%(upstream:short)%00%(objectname)%00%(upstream:track) refs/heads/main refs/remotes/main [6ms]
[2022-06-07T14:43:53.899Z] > git remote --verbose [2ms]
[2022-06-07T14:43:53.899Z] > git for-each-ref --sort -committerdate --format %(refname) %(objectname) %(*objectname) [5ms]
[2022-06-07T14:43:53.901Z] > git config --get commit.template [10ms]
[2022-06-07T14:43:53.908Z] > git rev-parse --git-dir [4ms]
[2022-06-07T14:43:53.910Z] Open repository: /home/nitin/github/libtorrentx
[2022-06-07T14:43:53.925Z] > git config --get commit.template [17ms]
[2022-06-07T14:43:53.926Z] > git rev-parse --git-dir [1ms]
[2022-06-07T14:43:53.928Z] Open repository: /home/nitin/github/moosync
[2022-06-07T14:43:53.934Z] > git symbolic-ref --short HEAD [13ms]
[2022-06-07T14:43:53.950Z] > git symbolic-ref --short HEAD [8ms]
[2022-06-07T14:43:53.953Z] > git for-each-ref --format=%(refname)%00%(upstream:short)%00%(objectname)%00%(upstream:track) refs/heads/main refs/remotes/main [16ms]
[2022-06-07T14:43:53.960Z] > git for-each-ref --sort -committerdate --format %(refname) %(objectname) %(*objectname) [4ms]
[2022-06-07T14:43:53.960Z] > git for-each-ref --format=%(refname)%00%(upstream:short)%00%(objectname)%00%(upstream:track) refs/heads/main refs/remotes/main [7ms]
[2022-06-07T14:43:53.966Z] > git rev-parse --git-dir [16ms]
[2022-06-07T14:43:53.968Z] Open repository: /home/nitin/github/pydstream
[2022-06-07T14:43:53.981Z] > git remote --verbose [16ms]
[2022-06-07T14:43:53.982Z] > git for-each-ref --sort -committerdate --format %(refname) %(objectname) %(*objectname) [20ms]
[2022-06-07T14:43:53.984Z] > git remote --verbose [26ms]
[2022-06-07T14:43:53.991Z] > git symbolic-ref --short HEAD [10ms]
[2022-06-07T14:43:53.998Z] > git for-each-ref --format=%(refname)%00%(upstream:short)%00%(objectname)%00%(upstream:track) refs/heads/dev refs/remotes/dev [4ms]
[2022-06-07T14:43:54.003Z] > git config --get commit.template [12ms]
[2022-06-07T14:43:54.004Z] > git config --get commit.template [16ms]
[2022-06-07T14:43:54.005Z] > git remote --verbose [2ms]
[2022-06-07T14:43:54.005Z] > git for-each-ref --sort -committerdate --format %(refname) %(objectname) %(*objectname) [5ms]
[2022-06-07T14:43:54.007Z] > git rev-parse --git-dir [10ms]
[2022-06-07T14:43:54.009Z] Open repository: /home/nitin/github/torrent-search
[2022-06-07T14:43:54.030Z] > git rev-parse --git-dir [2ms]
[2022-06-07T14:43:54.032Z] Open repository: /home/nitin/github/v4l2loopback
[2022-06-07T14:43:54.038Z] > git symbolic-ref --short HEAD [13ms]
[2022-06-07T14:43:54.041Z] > git config --get commit.template [20ms]
[2022-06-07T14:43:54.044Z] > git for-each-ref --format=%(refname)%00%(upstream:short)%00%(objectname)%00%(upstream:track) refs/heads/main refs/remotes/main [3ms]
[2022-06-07T14:43:54.050Z] > git remote --verbose [1ms]
[2022-06-07T14:43:54.050Z] > git for-each-ref --sort -committerdate --format %(refname) %(objectname) %(*objectname) [3ms]
[2022-06-07T14:43:54.052Z] > git symbolic-ref --short HEAD [8ms]
[2022-06-07T14:43:54.061Z] > git for-each-ref --format=%(refname)%00%(upstream:short)%00%(objectname)%00%(upstream:track) refs/heads/main refs/remotes/main [6ms]
[2022-06-07T14:43:54.075Z] > git remote --verbose [7ms]
[2022-06-07T14:43:54.075Z] > git for-each-ref --sort -committerdate --format %(refname) %(objectname) %(*objectname) [10ms]
[2022-06-07T14:43:54.077Z] > git config --get commit.template [17ms]
[2022-06-07T14:43:54.083Z] > git config --get commit.template [2ms]
